This file contains any messages produced by compilers while
running configure, to aid debugging if configure makes a mistake.

It was created by configure, which was
generated by GNU Autoconf 2.63.  Invocation command line was

  $ ./configure 

## --------- ##
## Platform. ##
## --------- ##

hostname = VM_37_0_centos
uname -m = x86_64
uname -r = 2.6.32-431.el6.x86_64
uname -s = Linux
uname -v = #1 SMP Fri Nov 22 03:15:09 UTC 2013

/usr/bin/uname -p = unknown
/bin/uname -X     = unknown

/bin/arch              = x86_64
/usr/bin/arch -k       = unknown
/usr/convex/getsysinfo = unknown
/usr/bin/hostinfo      = unknown
/bin/machine           = unknown
/usr/bin/oslevel       = unknown
/bin/universe          = unknown

PATH: /usr/local/sbin
PATH: /usr/local/bin
PATH: /sbin
PATH: /bin
PATH: /usr/sbin
PATH: /usr/bin
PATH: /usr/java/jdk1.8.0_101/bin
PATH: /usr/java/jdk1.8.0_101/jre/bin
PATH: /root/bin


## ----------- ##
## Core tests. ##
## ----------- ##

configure:1870: checking for a BSD-compatible install
configure:1938: result: /usr/bin/install -c
configure:1949: checking whether build environment is sane
configure:2009: result: yes
configure:2150: checking for a thread-safe mkdir -p
configure:2189: result: /bin/mkdir -p
configure:2202: checking for gawk
configure:2218: found /bin/gawk
configure:2229: result: gawk
configure:2240: checking whether make sets $(MAKE)
configure:2262: result: yes
configure:2356: checking for style of include used by make
configure:2384: result: GNU
configure:2454: checking for gcc
configure:2470: found /usr/bin/gcc
configure:2481: result: gcc
configure:2713: checking for C compiler version
configure:2721: gcc --version >&5
gcc (GCC) 4.4.7 20120313 (Red Hat 4.4.7-17)
Copyright (C) 2010 Free Software Foundation, Inc.
This is free software; see the source for copying conditions.  There is NO
warranty; not even for MERCHANTABILITY or FITNESS FOR A PARTICULAR PURPOSE.

configure:2725: $? = 0
configure:2732: gcc -v >&5
Using built-in specs.
Target: x86_64-redhat-linux
Configured with: ../configure --prefix=/usr --mandir=/usr/share/man --infodir=/usr/share/info --with-bugurl=http://bugzilla.redhat.com/bugzilla --enable-bootstrap --enable-shared --enable-threads=posix --enable-checking=release --with-system-zlib --enable-__cxa_atexit --disable-libunwind-exceptions --enable-gnu-unique-object --enable-languages=c,c++,objc,obj-c++,java,fortran,ada --enable-java-awt=gtk --disable-dssi --with-java-home=/usr/lib/jvm/java-1.5.0-gcj-1.5.0.0/jre --enable-libgcj-multifile --enable-java-maintainer-mode --with-ecj-jar=/usr/share/java/eclipse-ecj.jar --disable-libjava-multilib --with-ppl --with-cloog --with-tune=generic --with-arch_32=i686 --build=x86_64-redhat-linux
Thread model: posix
gcc version 4.4.7 20120313 (Red Hat 4.4.7-17) (GCC) 
configure:2736: $? = 0
configure:2743: gcc -V >&5
gcc: '-V' option must have argument
configure:2747: $? = 1
configure:2770: checking for C compiler default output file name
configure:2792: gcc    conftest.c  >&5
configure:2796: $? = 0
configure:2834: result: a.out
configure:2853: checking whether the C compiler works
configure:2863: ./a.out
configure:2867: $? = 0
configure:2886: result: yes
configure:2893: checking whether we are cross compiling
configure:2895: result: no
configure:2898: checking for suffix of executables
configure:2905: gcc -o conftest    conftest.c  >&5
configure:2909: $? = 0
configure:2935: result: 
configure:2941: checking for suffix of object files
configure:2967: gcc -c   conftest.c >&5
configure:2971: $? = 0
configure:2996: result: o
configure:3000: checking whether we are using the GNU C compiler
configure:3029: gcc -c   conftest.c >&5
configure:3036: $? = 0
configure:3053: result: yes
configure:3062: checking whether gcc accepts -g
configure:3092: gcc -c -g  conftest.c >&5
configure:3099: $? = 0
configure:3200: result: yes
configure:3217: checking for gcc option to accept ISO C89
configure:3291: gcc  -c -g -O2  conftest.c >&5
configure:3298: $? = 0
configure:3321: result: none needed
configure:3341: checking dependency style of gcc
configure:3451: result: gcc3
configure:3472: checking how to run the C preprocessor
configure:3512: gcc -E  conftest.c
configure:3519: $? = 0
configure:3550: gcc -E  conftest.c
conftest.c:10:28: error: ac_nonexistent.h: No such file or directory
configure:3557: $? = 1
configure: failed program was:
| /* confdefs.h.  */
| #define PACKAGE_NAME ""
| #define PACKAGE_TARNAME ""
| #define PACKAGE_VERSION ""
| #define PACKAGE_STRING ""
| #define PACKAGE_BUGREPORT ""
| #define PACKAGE "yousql"
| #define VERSION "1.0"
| /* end confdefs.h.  */
| #include <ac_nonexistent.h>
configure:3590: result: gcc -E
configure:3619: gcc -E  conftest.c
configure:3626: $? = 0
configure:3657: gcc -E  conftest.c
conftest.c:10:28: error: ac_nonexistent.h: No such file or directory
configure:3664: $? = 1
configure: failed program was:
| /* confdefs.h.  */
| #define PACKAGE_NAME ""
| #define PACKAGE_TARNAME ""
| #define PACKAGE_VERSION ""
| #define PACKAGE_STRING ""
| #define PACKAGE_BUGREPORT ""
| #define PACKAGE "yousql"
| #define VERSION "1.0"
| /* end confdefs.h.  */
| #include <ac_nonexistent.h>
configure:3704: checking for grep that handles long lines and -e
configure:3764: result: /bin/grep
configure:3769: checking for egrep
configure:3833: result: /bin/grep -E
configure:3838: checking for ANSI C header files
configure:3868: gcc -c -g -O2  conftest.c >&5
configure:3875: $? = 0
configure:3974: gcc -o conftest -g -O2   conftest.c  >&5
configure:3978: $? = 0
configure:3984: ./conftest
configure:3988: $? = 0
configure:4006: result: yes
configure:4030: checking for sys/types.h
configure:4051: gcc -c -g -O2  conftest.c >&5
configure:4058: $? = 0
configure:4075: result: yes
configure:4030: checking for sys/stat.h
configure:4051: gcc -c -g -O2  conftest.c >&5
configure:4058: $? = 0
configure:4075: result: yes
configure:4030: checking for stdlib.h
configure:4051: gcc -c -g -O2  conftest.c >&5
configure:4058: $? = 0
configure:4075: result: yes
configure:4030: checking for string.h
configure:4051: gcc -c -g -O2  conftest.c >&5
configure:4058: $? = 0
configure:4075: result: yes
configure:4030: checking for memory.h
configure:4051: gcc -c -g -O2  conftest.c >&5
configure:4058: $? = 0
configure:4075: result: yes
configure:4030: checking for strings.h
configure:4051: gcc -c -g -O2  conftest.c >&5
configure:4058: $? = 0
configure:4075: result: yes
configure:4030: checking for inttypes.h
configure:4051: gcc -c -g -O2  conftest.c >&5
configure:4058: $? = 0
configure:4075: result: yes
configure:4030: checking for stdint.h
configure:4051: gcc -c -g -O2  conftest.c >&5
configure:4058: $? = 0
configure:4075: result: yes
configure:4030: checking for unistd.h
configure:4051: gcc -c -g -O2  conftest.c >&5
configure:4058: $? = 0
configure:4075: result: yes
configure:4100: checking minix/config.h usability
configure:4117: gcc -c -g -O2  conftest.c >&5
conftest.c:53:26: error: minix/config.h: No such file or directory
configure:4124: $? = 1
configure: failed program was:
| /* confdefs.h.  */
| #define PACKAGE_NAME ""
| #define PACKAGE_TARNAME ""
| #define PACKAGE_VERSION ""
| #define PACKAGE_STRING ""
| #define PACKAGE_BUGREPORT ""
| #define PACKAGE "yousql"
| #define VERSION "1.0"
| #define STDC_HEADERS 1
| #define HAVE_SYS_TYPES_H 1
| #define HAVE_SYS_STAT_H 1
| #define HAVE_STDLIB_H 1
| #define HAVE_STRING_H 1
| #define HAVE_MEMORY_H 1
| #define HAVE_STRINGS_H 1
| #define HAVE_INTTYPES_H 1
| #define HAVE_STDINT_H 1
| #define HAVE_UNISTD_H 1
| /* end confdefs.h.  */
| #include <stdio.h>
| #ifdef HAVE_SYS_TYPES_H
| # include <sys/types.h>
| #endif
| #ifdef HAVE_SYS_STAT_H
| # include <sys/stat.h>
| #endif
| #ifdef STDC_HEADERS
| # include <stdlib.h>
| # include <stddef.h>
| #else
| # ifdef HAVE_STDLIB_H
| #  include <stdlib.h>
| # endif
| #endif
| #ifdef HAVE_STRING_H
| # if !defined STDC_HEADERS && defined HAVE_MEMORY_H
| #  include <memory.h>
| # endif
| # include <string.h>
| #endif
| #ifdef HAVE_STRINGS_H
| # include <strings.h>
| #endif
| #ifdef HAVE_INTTYPES_H
| # include <inttypes.h>
| #endif
| #ifdef HAVE_STDINT_H
| # include <stdint.h>
| #endif
| #ifdef HAVE_UNISTD_H
| # include <unistd.h>
| #endif
| #include <minix/config.h>
configure:4138: result: no
configure:4142: checking minix/config.h presence
configure:4157: gcc -E  conftest.c
conftest.c:20:26: error: minix/config.h: No such file or directory
configure:4164: $? = 1
configure: failed program was:
| /* confdefs.h.  */
| #define PACKAGE_NAME ""
| #define PACKAGE_TARNAME ""
| #define PACKAGE_VERSION ""
| #define PACKAGE_STRING ""
| #define PACKAGE_BUGREPORT ""
| #define PACKAGE "yousql"
| #define VERSION "1.0"
| #define STDC_HEADERS 1
| #define HAVE_SYS_TYPES_H 1
| #define HAVE_SYS_STAT_H 1
| #define HAVE_STDLIB_H 1
| #define HAVE_STRING_H 1
| #define HAVE_MEMORY_H 1
| #define HAVE_STRINGS_H 1
| #define HAVE_INTTYPES_H 1
| #define HAVE_STDINT_H 1
| #define HAVE_UNISTD_H 1
| /* end confdefs.h.  */
| #include <minix/config.h>
configure:4178: result: no
configure:4206: checking for minix/config.h
configure:4213: result: no
configure:4244: checking whether it is safe to define __EXTENSIONS__
configure:4272: gcc -c -g -O2  conftest.c >&5
configure:4279: $? = 0
configure:4294: result: yes
configure:4381: checking for g++
configure:4397: found /usr/bin/g++
configure:4408: result: g++
configure:4435: checking for C++ compiler version
configure:4443: g++ --version >&5
g++ (GCC) 4.4.7 20120313 (Red Hat 4.4.7-17)
Copyright (C) 2010 Free Software Foundation, Inc.
This is free software; see the source for copying conditions.  There is NO
warranty; not even for MERCHANTABILITY or FITNESS FOR A PARTICULAR PURPOSE.

configure:4447: $? = 0
configure:4454: g++ -v >&5
Using built-in specs.
Target: x86_64-redhat-linux
Configured with: ../configure --prefix=/usr --mandir=/usr/share/man --infodir=/usr/share/info --with-bugurl=http://bugzilla.redhat.com/bugzilla --enable-bootstrap --enable-shared --enable-threads=posix --enable-checking=release --with-system-zlib --enable-__cxa_atexit --disable-libunwind-exceptions --enable-gnu-unique-object --enable-languages=c,c++,objc,obj-c++,java,fortran,ada --enable-java-awt=gtk --disable-dssi --with-java-home=/usr/lib/jvm/java-1.5.0-gcj-1.5.0.0/jre --enable-libgcj-multifile --enable-java-maintainer-mode --with-ecj-jar=/usr/share/java/eclipse-ecj.jar --disable-libjava-multilib --with-ppl --with-cloog --with-tune=generic --with-arch_32=i686 --build=x86_64-redhat-linux
Thread model: posix
gcc version 4.4.7 20120313 (Red Hat 4.4.7-17) (GCC) 
configure:4458: $? = 0
configure:4465: g++ -V >&5
g++: '-V' option must have argument
configure:4469: $? = 1
configure:4472: checking whether we are using the GNU C++ compiler
configure:4501: g++ -c   conftest.cpp >&5
configure:4508: $? = 0
configure:4525: result: yes
configure:4534: checking whether g++ accepts -g
configure:4564: g++ -c -g  conftest.cpp >&5
configure:4571: $? = 0
configure:4672: result: yes
configure:4697: checking dependency style of g++
configure:4807: result: gcc3
configure:4870: checking for gcc
configure:4897: result: gcc
configure:5129: checking for C compiler version
configure:5137: gcc --version >&5
gcc (GCC) 4.4.7 20120313 (Red Hat 4.4.7-17)
Copyright (C) 2010 Free Software Foundation, Inc.
This is free software; see the source for copying conditions.  There is NO
warranty; not even for MERCHANTABILITY or FITNESS FOR A PARTICULAR PURPOSE.

configure:5141: $? = 0
configure:5148: gcc -v >&5
Using built-in specs.
Target: x86_64-redhat-linux
Configured with: ../configure --prefix=/usr --mandir=/usr/share/man --infodir=/usr/share/info --with-bugurl=http://bugzilla.redhat.com/bugzilla --enable-bootstrap --enable-shared --enable-threads=posix --enable-checking=release --with-system-zlib --enable-__cxa_atexit --disable-libunwind-exceptions --enable-gnu-unique-object --enable-languages=c,c++,objc,obj-c++,java,fortran,ada --enable-java-awt=gtk --disable-dssi --with-java-home=/usr/lib/jvm/java-1.5.0-gcj-1.5.0.0/jre --enable-libgcj-multifile --enable-java-maintainer-mode --with-ecj-jar=/usr/share/java/eclipse-ecj.jar --disable-libjava-multilib --with-ppl --with-cloog --with-tune=generic --with-arch_32=i686 --build=x86_64-redhat-linux
Thread model: posix
gcc version 4.4.7 20120313 (Red Hat 4.4.7-17) (GCC) 
configure:5152: $? = 0
configure:5159: gcc -V >&5
gcc: '-V' option must have argument
configure:5163: $? = 1
configure:5166: checking whether we are using the GNU C compiler
configure:5219: result: yes
configure:5228: checking whether gcc accepts -g
configure:5366: result: yes
configure:5383: checking for gcc option to accept ISO C89
configure:5487: result: none needed
configure:5507: checking dependency style of gcc
configure:5617: result: gcc3
configure:5641: checking for string.h
configure:5648: result: yes
configure:5652: checking sys/file.h usability
configure:5669: gcc -c -g -O2  conftest.c >&5
configure:5676: $? = 0
configure:5690: result: yes
configure:5694: checking sys/file.h presence
configure:5709: gcc -E  conftest.c
configure:5716: $? = 0
configure:5730: result: yes
configure:5758: checking for sys/file.h
configure:5767: result: yes
configure:5784: checking for stdbool.h that conforms to C99
configure:5879: gcc -c -g -O2  conftest.c >&5
configure:5886: $? = 0
configure:5901: result: yes
configure:5903: checking for _Bool
configure:5931: gcc -c -g -O2  conftest.c >&5
configure:5938: $? = 0
configure:5965: gcc -c -g -O2  conftest.c >&5
conftest.c: In function 'main':
conftest.c:63: error: expected expression before ')' token
configure:5972: $? = 1
configure: failed program was:
| /* confdefs.h.  */
| #define PACKAGE_NAME ""
| #define PACKAGE_TARNAME ""
| #define PACKAGE_VERSION ""
| #define PACKAGE_STRING ""
| #define PACKAGE_BUGREPORT ""
| #define PACKAGE "yousql"
| #define VERSION "1.0"
| #define STDC_HEADERS 1
| #define HAVE_SYS_TYPES_H 1
| #define HAVE_SYS_STAT_H 1
| #define HAVE_STDLIB_H 1
| #define HAVE_STRING_H 1
| #define HAVE_MEMORY_H 1
| #define HAVE_STRINGS_H 1
| #define HAVE_INTTYPES_H 1
| #define HAVE_STDINT_H 1
| #define HAVE_UNISTD_H 1
| #define __EXTENSIONS__ 1
| #define _ALL_SOURCE 1
| #define _GNU_SOURCE 1
| #define _POSIX_PTHREAD_SEMANTICS 1
| #define _TANDEM_SOURCE 1
| #define HAVE_STRING_H 1
| #define HAVE_SYS_FILE_H 1
| /* end confdefs.h.  */
| #include <stdio.h>
| #ifdef HAVE_SYS_TYPES_H
| # include <sys/types.h>
| #endif
| #ifdef HAVE_SYS_STAT_H
| # include <sys/stat.h>
| #endif
| #ifdef STDC_HEADERS
| # include <stdlib.h>
| # include <stddef.h>
| #else
| # ifdef HAVE_STDLIB_H
| #  include <stdlib.h>
| # endif
| #endif
| #ifdef HAVE_STRING_H
| # if !defined STDC_HEADERS && defined HAVE_MEMORY_H
| #  include <memory.h>
| # endif
| # include <string.h>
| #endif
| #ifdef HAVE_STRINGS_H
| # include <strings.h>
| #endif
| #ifdef HAVE_INTTYPES_H
| # include <inttypes.h>
| #endif
| #ifdef HAVE_STDINT_H
| # include <stdint.h>
| #endif
| #ifdef HAVE_UNISTD_H
| # include <unistd.h>
| #endif
| int
| main ()
| {
| if (sizeof ((_Bool)))
| 	  return 0;
|   ;
|   return 0;
| }
configure:5995: result: yes
configure:6014: checking for inline
configure:6040: gcc -c -g -O2  conftest.c >&5
configure:6047: $? = 0
configure:6065: result: inline
configure:6084: checking for size_t
configure:6112: gcc -c -g -O2  conftest.c >&5
configure:6119: $? = 0
configure:6146: gcc -c -g -O2  conftest.c >&5
conftest.c: In function 'main':
conftest.c:65: error: expected expression before ')' token
configure:6153: $? = 1
configure: failed program was:
| /* confdefs.h.  */
| #define PACKAGE_NAME ""
| #define PACKAGE_TARNAME ""
| #define PACKAGE_VERSION ""
| #define PACKAGE_STRING ""
| #define PACKAGE_BUGREPORT ""
| #define PACKAGE "yousql"
| #define VERSION "1.0"
| #define STDC_HEADERS 1
| #define HAVE_SYS_TYPES_H 1
| #define HAVE_SYS_STAT_H 1
| #define HAVE_STDLIB_H 1
| #define HAVE_STRING_H 1
| #define HAVE_MEMORY_H 1
| #define HAVE_STRINGS_H 1
| #define HAVE_INTTYPES_H 1
| #define HAVE_STDINT_H 1
| #define HAVE_UNISTD_H 1
| #define __EXTENSIONS__ 1
| #define _ALL_SOURCE 1
| #define _GNU_SOURCE 1
| #define _POSIX_PTHREAD_SEMANTICS 1
| #define _TANDEM_SOURCE 1
| #define HAVE_STRING_H 1
| #define HAVE_SYS_FILE_H 1
| #define HAVE__BOOL 1
| #define HAVE_STDBOOL_H 1
| /* end confdefs.h.  */
| #include <stdio.h>
| #ifdef HAVE_SYS_TYPES_H
| # include <sys/types.h>
| #endif
| #ifdef HAVE_SYS_STAT_H
| # include <sys/stat.h>
| #endif
| #ifdef STDC_HEADERS
| # include <stdlib.h>
| # include <stddef.h>
| #else
| # ifdef HAVE_STDLIB_H
| #  include <stdlib.h>
| # endif
| #endif
| #ifdef HAVE_STRING_H
| # if !defined STDC_HEADERS && defined HAVE_MEMORY_H
| #  include <memory.h>
| # endif
| # include <string.h>
| #endif
| #ifdef HAVE_STRINGS_H
| # include <strings.h>
| #endif
| #ifdef HAVE_INTTYPES_H
| # include <inttypes.h>
| #endif
| #ifdef HAVE_STDINT_H
| # include <stdint.h>
| #endif
| #ifdef HAVE_UNISTD_H
| # include <unistd.h>
| #endif
| int
| main ()
| {
| if (sizeof ((size_t)))
| 	  return 0;
|   ;
|   return 0;
| }
configure:6176: result: yes
configure:6195: checking for stdlib.h
configure:6202: result: yes
configure:6336: checking for GNU libc compatible malloc
configure:6370: gcc -o conftest -g -O2   conftest.c  >&5
configure:6374: $? = 0
configure:6380: ./conftest
configure:6384: $? = 0
configure:6401: result: yes
configure:6434: checking for stdlib.h
configure:6441: result: yes
configure:6575: checking for GNU libc compatible realloc
configure:6609: gcc -o conftest -g -O2   conftest.c  >&5
configure:6613: $? = 0
configure:6619: ./conftest
configure:6623: $? = 0
configure:6640: result: yes
configure:6668: checking for working strnlen
configure:6712: gcc -o conftest -g -O2   conftest.c  >&5
configure:6716: $? = 0
configure:6722: ./conftest
configure:6726: $? = 0
configure:6743: result: yes
configure:6761: checking for localtime_r
configure:6817: gcc -o conftest -g -O2   conftest.c  >&5
configure:6824: $? = 0
configure:6846: result: yes
configure:6761: checking for memset
configure:6817: gcc -o conftest -g -O2   conftest.c  >&5
conftest.c:57: warning: conflicting types for built-in function 'memset'
configure:6824: $? = 0
configure:6846: result: yes
configure:6761: checking for pow
configure:6817: gcc -o conftest -g -O2   conftest.c  >&5
conftest.c:58: warning: conflicting types for built-in function 'pow'
/tmp/ccbT2Fax.o: In function `main':
/root/yousql/src/conftest.c:69: undefined reference to `pow'
collect2: ld returned 1 exit status
configure:6824: $? = 1
configure: failed program was:
| /* confdefs.h.  */
| #define PACKAGE_NAME ""
| #define PACKAGE_TARNAME ""
| #define PACKAGE_VERSION ""
| #define PACKAGE_STRING ""
| #define PACKAGE_BUGREPORT ""
| #define PACKAGE "yousql"
| #define VERSION "1.0"
| #define STDC_HEADERS 1
| #define HAVE_SYS_TYPES_H 1
| #define HAVE_SYS_STAT_H 1
| #define HAVE_STDLIB_H 1
| #define HAVE_STRING_H 1
| #define HAVE_MEMORY_H 1
| #define HAVE_STRINGS_H 1
| #define HAVE_INTTYPES_H 1
| #define HAVE_STDINT_H 1
| #define HAVE_UNISTD_H 1
| #define __EXTENSIONS__ 1
| #define _ALL_SOURCE 1
| #define _GNU_SOURCE 1
| #define _POSIX_PTHREAD_SEMANTICS 1
| #define _TANDEM_SOURCE 1
| #define HAVE_STRING_H 1
| #define HAVE_SYS_FILE_H 1
| #define HAVE__BOOL 1
| #define HAVE_STDBOOL_H 1
| #define HAVE_STDLIB_H 1
| #define HAVE_MALLOC 1
| #define HAVE_STDLIB_H 1
| #define HAVE_REALLOC 1
| #define HAVE_LOCALTIME_R 1
| #define HAVE_MEMSET 1
| /* end confdefs.h.  */
| /* Define pow to an innocuous variant, in case <limits.h> declares pow.
|    For example, HP-UX 11i <limits.h> declares gettimeofday.  */
| #define pow innocuous_pow
| 
| /* System header to define __stub macros and hopefully few prototypes,
|     which can conflict with char pow (); below.
|     Prefer <limits.h> to <assert.h> if __STDC__ is defined, since
|     <limits.h> exists even on freestanding compilers.  */
| 
| #ifdef __STDC__
| # include <limits.h>
| #else
| # include <assert.h>
| #endif
| 
| #undef pow
| 
| /* Override any GCC internal prototype to avoid an error.
|    Use char because int might match the return type of a GCC
|    builtin and then its argument prototype would still apply.  */
| #ifdef __cplusplus
| extern "C"
| #endif
| char pow ();
| /* The GNU C library defines this for functions which it implements
|     to always fail with ENOSYS.  Some functions are actually named
|     something starting with __ and the normal name is an alias.  */
| #if defined __stub_pow || defined __stub___pow
| choke me
| #endif
| 
| int
| main ()
| {
| return pow ();
|   ;
|   return 0;
| }
configure:6846: result: no
configure:6761: checking for strchr
configure:6817: gcc -o conftest -g -O2   conftest.c  >&5
conftest.c:58: warning: conflicting types for built-in function 'strchr'
configure:6824: $? = 0
configure:6846: result: yes
configure:6761: checking for strstr
configure:6817: gcc -o conftest -g -O2   conftest.c  >&5
conftest.c:59: warning: conflicting types for built-in function 'strstr'
configure:6824: $? = 0
configure:6846: result: yes
configure:6761: checking for strtol
configure:6817: gcc -o conftest -g -O2   conftest.c  >&5
configure:6824: $? = 0
configure:6846: result: yes
configure:6999: creating ./config.status

## ---------------------- ##
## Running config.status. ##
## ---------------------- ##

This file was extended by config.status, which was
generated by GNU Autoconf 2.63.  Invocation command line was

  CONFIG_FILES    = 
  CONFIG_HEADERS  = 
  CONFIG_LINKS    = 
  CONFIG_COMMANDS = 
  $ ./config.status 

on VM_37_0_centos

config.status:795: creating Makefile
config.status:795: creating config.h
config.status:1017: config.h is unchanged
config.status:1069: executing depfiles commands

## ---------------- ##
## Cache variables. ##
## ---------------- ##

ac_cv_c_compiler_gnu=yes
ac_cv_c_inline=inline
ac_cv_cxx_compiler_gnu=yes
ac_cv_env_CCC_set=
ac_cv_env_CCC_value=
ac_cv_env_CC_set=
ac_cv_env_CC_value=
ac_cv_env_CFLAGS_set=
ac_cv_env_CFLAGS_value=
ac_cv_env_CPPFLAGS_set=
ac_cv_env_CPPFLAGS_value=
ac_cv_env_CPP_set=
ac_cv_env_CPP_value=
ac_cv_env_CXXFLAGS_set=
ac_cv_env_CXXFLAGS_value=
ac_cv_env_CXX_set=
ac_cv_env_CXX_value=
ac_cv_env_LDFLAGS_set=
ac_cv_env_LDFLAGS_value=
ac_cv_env_LIBS_set=
ac_cv_env_LIBS_value=
ac_cv_env_build_alias_set=
ac_cv_env_build_alias_value=
ac_cv_env_host_alias_set=
ac_cv_env_host_alias_value=
ac_cv_env_target_alias_set=
ac_cv_env_target_alias_value=
ac_cv_func_localtime_r=yes
ac_cv_func_malloc_0_nonnull=yes
ac_cv_func_memset=yes
ac_cv_func_pow=no
ac_cv_func_realloc_0_nonnull=yes
ac_cv_func_strchr=yes
ac_cv_func_strnlen_working=yes
ac_cv_func_strstr=yes
ac_cv_func_strtol=yes
ac_cv_header_inttypes_h=yes
ac_cv_header_memory_h=yes
ac_cv_header_minix_config_h=no
ac_cv_header_stdbool_h=yes
ac_cv_header_stdc=yes
ac_cv_header_stdint_h=yes
ac_cv_header_stdlib_h=yes
ac_cv_header_string_h=yes
ac_cv_header_strings_h=yes
ac_cv_header_sys_file_h=yes
ac_cv_header_sys_stat_h=yes
ac_cv_header_sys_types_h=yes
ac_cv_header_unistd_h=yes
ac_cv_objext=o
ac_cv_path_EGREP='/bin/grep -E'
ac_cv_path_GREP=/bin/grep
ac_cv_path_install='/usr/bin/install -c'
ac_cv_path_mkdir=/bin/mkdir
ac_cv_prog_AWK=gawk
ac_cv_prog_CPP='gcc -E'
ac_cv_prog_ac_ct_CC=gcc
ac_cv_prog_ac_ct_CXX=g++
ac_cv_prog_cc_c89=
ac_cv_prog_cc_g=yes
ac_cv_prog_cxx_g=yes
ac_cv_prog_make_make_set=yes
ac_cv_safe_to_define___extensions__=yes
ac_cv_type__Bool=yes
ac_cv_type_size_t=yes
am_cv_CC_dependencies_compiler_type=gcc3
am_cv_CXX_dependencies_compiler_type=gcc3

## ----------------- ##
## Output variables. ##
## ----------------- ##

ACLOCAL='${SHELL} /root/yousql/src/missing --run aclocal-1.11'
AMDEPBACKSLASH='\'
AMDEP_FALSE='#'
AMDEP_TRUE=''
AMTAR='${SHELL} /root/yousql/src/missing --run tar'
AUTOCONF='${SHELL} /root/yousql/src/missing --run autoconf'
AUTOHEADER='${SHELL} /root/yousql/src/missing --run autoheader'
AUTOMAKE='${SHELL} /root/yousql/src/missing --run automake-1.11'
AWK='gawk'
CC='gcc'
CCDEPMODE='depmode=gcc3'
CFLAGS='-g -O2'
CPP='gcc -E'
CPPFLAGS=''
CXX='g++'
CXXDEPMODE='depmode=gcc3'
CXXFLAGS='-g -O2'
CYGPATH_W='echo'
DEFS='-DHAVE_CONFIG_H'
DEPDIR='.deps'
ECHO_C=''
ECHO_N='-n'
ECHO_T=''
EGREP='/bin/grep -E'
EXEEXT=''
GREP='/bin/grep'
INSTALL_DATA='${INSTALL} -m 644'
INSTALL_PROGRAM='${INSTALL}'
INSTALL_SCRIPT='${INSTALL}'
INSTALL_STRIP_PROGRAM='$(install_sh) -c -s'
LDFLAGS=''
LIBOBJS=''
LIBS=''
LTLIBOBJS=''
MAKEINFO='${SHELL} /root/yousql/src/missing --run makeinfo'
MKDIR_P='/bin/mkdir -p'
OBJEXT='o'
PACKAGE='yousql'
PACKAGE_BUGREPORT=''
PACKAGE_NAME=''
PACKAGE_STRING=''
PACKAGE_TARNAME=''
PACKAGE_VERSION=''
PATH_SEPARATOR=':'
SET_MAKE=''
SHELL='/bin/sh'
STRIP=''
VERSION='1.0'
ac_ct_CC='gcc'
ac_ct_CXX='g++'
am__EXEEXT_FALSE=''
am__EXEEXT_TRUE='#'
am__fastdepCC_FALSE='#'
am__fastdepCC_TRUE=''
am__fastdepCXX_FALSE='#'
am__fastdepCXX_TRUE=''
am__include='include'
am__isrc=''
am__leading_dot='.'
am__quote=''
am__tar='${AMTAR} chof - "$$tardir"'
am__untar='${AMTAR} xf -'
bindir='${exec_prefix}/bin'
build_alias=''
datadir='${datarootdir}'
datarootdir='${prefix}/share'
docdir='${datarootdir}/doc/${PACKAGE}'
dvidir='${docdir}'
exec_prefix='${prefix}'
host_alias=''
htmldir='${docdir}'
includedir='${prefix}/include'
infodir='${datarootdir}/info'
install_sh='${SHELL} /root/yousql/src/install-sh'
libdir='${exec_prefix}/lib'
libexecdir='${exec_prefix}/libexec'
localedir='${datarootdir}/locale'
localstatedir='${prefix}/var'
mandir='${datarootdir}/man'
mkdir_p='/bin/mkdir -p'
oldincludedir='/usr/include'
pdfdir='${docdir}'
prefix='/usr/local'
program_transform_name='s,x,x,'
psdir='${docdir}'
sbindir='${exec_prefix}/sbin'
sharedstatedir='${prefix}/com'
sysconfdir='${prefix}/etc'
target_alias=''

## ----------- ##
## confdefs.h. ##
## ----------- ##

#define PACKAGE_NAME ""
#define PACKAGE_TARNAME ""
#define PACKAGE_VERSION ""
#define PACKAGE_STRING ""
#define PACKAGE_BUGREPORT ""
#define PACKAGE "yousql"
#define VERSION "1.0"
#define STDC_HEADERS 1
#define HAVE_SYS_TYPES_H 1
#define HAVE_SYS_STAT_H 1
#define HAVE_STDLIB_H 1
#define HAVE_STRING_H 1
#define HAVE_MEMORY_H 1
#define HAVE_STRINGS_H 1
#define HAVE_INTTYPES_H 1
#define HAVE_STDINT_H 1
#define HAVE_UNISTD_H 1
#define __EXTENSIONS__ 1
#define _ALL_SOURCE 1
#define _GNU_SOURCE 1
#define _POSIX_PTHREAD_SEMANTICS 1
#define _TANDEM_SOURCE 1
#define HAVE_STRING_H 1
#define HAVE_SYS_FILE_H 1
#define HAVE__BOOL 1
#define HAVE_STDBOOL_H 1
#define HAVE_STDLIB_H 1
#define HAVE_MALLOC 1
#define HAVE_STDLIB_H 1
#define HAVE_REALLOC 1
#define HAVE_LOCALTIME_R 1
#define HAVE_MEMSET 1
#define HAVE_STRCHR 1
#define HAVE_STRSTR 1
#define HAVE_STRTOL 1

configure: exit 0
